This is pdfTeX, Version 3.1415926-2.5-1.40.14 (TeX Live 2013/Debian) (format=pdflatex 2016.9.26)  8 MAY 2018 23:21
entering extended mode
 restricted \write18 enabled.
 %&-line parsing enabled.
**main.tex
(./main.tex
LaTeX2e <2011/06/27>
Babel <3.9h> and hyphenation patterns for 78 languages loaded.
(./spie.cls
Document Class: spie 2015/08/14 v3.4 SPIE Proceedings class
(/usr/share/texlive/texmf-dist/tex/latex/base/article.cls
Document Class: article 2007/10/19 v1.4h Standard LaTeX document class
(/usr/share/texlive/texmf-dist/tex/latex/base/size10.clo
File: size10.clo 2007/10/19 v1.4h Standard LaTeX file (size option)
)
\c@part=\count79
\c@section=\count80
\c@subsection=\count81
\c@subsubsection=\count82
\c@paragraph=\count83
\c@subparagraph=\count84
\c@figure=\count85
\c@table=\count86
\abovecaptionskip=\skip41
\belowcaptionskip=\skip42
\bibindent=\dimen102
)
ten-point font
(/usr/share/texlive/texmf-dist/tex/latex/preprint/authblk.sty
Package: authblk 2001/02/27 1.3 (PWD)
\affilsep=\skip43
\@affilsep=\skip44
\c@Maxaffil=\count87
\c@authors=\count88
\c@affil=\count89
)
(/usr/share/texlive/texmf-dist/tex/latex/base/ifthen.sty
Package: ifthen 2001/05/26 v1.1c Standard LaTeX ifthen package (DPC)
)
(/usr/share/texlive/texmf-dist/tex/latex/cite/cite.sty
LaTeX Info: Redefining \cite on input line 302.
LaTeX Info: Redefining \nocite on input line 373.
Package: cite 2010/09/10  v 5.3
LaTeX Info: Redefining \cite on input line 464.
)
\c@theorem=\count90
)
(/usr/share/texlive/texmf-dist/tex/latex/amsmath/amsmath.sty
Package: amsmath 2013/01/14 v2.14 AMS math features
\@mathmargin=\skip45

For additional information on amsmath, use the `?' option.
(/usr/share/texlive/texmf-dist/tex/latex/amsmath/amstext.sty
Package: amstext 2000/06/29 v2.01

(/usr/share/texlive/texmf-dist/tex/latex/amsmath/amsgen.sty
File: amsgen.sty 1999/11/30 v2.0
\@emptytoks=\toks14
\ex@=\dimen103
))
(/usr/share/texlive/texmf-dist/tex/latex/amsmath/amsbsy.sty
Package: amsbsy 1999/11/29 v1.2d
\pmbraise@=\dimen104
)
(/usr/share/texlive/texmf-dist/tex/latex/amsmath/amsopn.sty
Package: amsopn 1999/12/14 v2.01 operator names
)
\inf@bad=\count91
LaTeX Info: Redefining \frac on input line 210.
\uproot@=\count92
\leftroot@=\count93
LaTeX Info: Redefining \overline on input line 306.
\classnum@=\count94
\DOTSCASE@=\count95
LaTeX Info: Redefining \ldots on input line 378.
LaTeX Info: Redefining \dots on input line 381.
LaTeX Info: Redefining \cdots on input line 466.
\Mathstrutbox@=\box26
\strutbox@=\box27
\big@size=\dimen105
LaTeX Font Info:    Redeclaring font encoding OML on input line 566.
LaTeX Font Info:    Redeclaring font encoding OMS on input line 567.
\macc@depth=\count96
\c@MaxMatrixCols=\count97
\dotsspace@=\muskip10
\c@parentequation=\count98
\dspbrk@lvl=\count99
\tag@help=\toks15
\row@=\count100
\column@=\count101
\maxfields@=\count102
\andhelp@=\toks16
\eqnshift@=\dimen106
\alignsep@=\dimen107
\tagshift@=\dimen108
\tagwidth@=\dimen109
\totwidth@=\dimen110
\lineht@=\dimen111
\@envbody=\toks17
\multlinegap=\skip46
\multlinetaggap=\skip47
\mathdisplay@stack=\toks18
LaTeX Info: Redefining \[ on input line 2665.
LaTeX Info: Redefining \] on input line 2666.
)
(/usr/share/texlive/texmf-dist/tex/latex/amsfonts/amsfonts.sty
Package: amsfonts 2013/01/14 v3.01 Basic AMSFonts support
\symAMSa=\mathgroup4
\symAMSb=\mathgroup5
LaTeX Font Info:    Overwriting math alphabet `\mathfrak' in version `bold'
(Font)                  U/euf/m/n --> U/euf/b/n on input line 106.
)
(/usr/share/texlive/texmf-dist/tex/latex/amsfonts/amssymb.sty
Package: amssymb 2013/01/14 v3.01 AMS font symbols
)
(/usr/share/texlive/texmf-dist/tex/latex/graphics/graphicx.sty
Package: graphicx 1999/02/16 v1.0f Enhanced LaTeX Graphics (DPC,SPQR)

(/usr/share/texlive/texmf-dist/tex/latex/graphics/keyval.sty
Package: keyval 1999/03/16 v1.13 key=value parser (DPC)
\KV@toks@=\toks19
)
(/usr/share/texlive/texmf-dist/tex/latex/graphics/graphics.sty
Package: graphics 2009/02/05 v1.0o Standard LaTeX Graphics (DPC,SPQR)

(/usr/share/texlive/texmf-dist/tex/latex/graphics/trig.sty
Package: trig 1999/03/16 v1.09 sin cos tan (DPC)
)
(/usr/share/texlive/texmf-dist/tex/latex/latexconfig/graphics.cfg
File: graphics.cfg 2010/04/23 v1.9 graphics configuration of TeX Live
)
Package graphics Info: Driver file: pdftex.def on input line 91.

(/usr/share/texlive/texmf-dist/tex/latex/pdftex-def/pdftex.def
File: pdftex.def 2011/05/27 v0.06d Graphics/color for pdfTeX

(/usr/share/texlive/texmf-dist/tex/generic/oberdiek/infwarerr.sty
Package: infwarerr 2010/04/08 v1.3 Providing info/warning/error messages (HO)
)
(/usr/share/texlive/texmf-dist/tex/generic/oberdiek/ltxcmds.sty
Package: ltxcmds 2011/11/09 v1.22 LaTeX kernel commands for general use (HO)
)
\Gread@gobject=\count103
))
\Gin@req@height=\dimen112
\Gin@req@width=\dimen113
)
(/usr/share/texlive/texmf-dist/tex/latex/hyperref/hyperref.sty
Package: hyperref 2012/11/06 v6.83m Hypertext links for LaTeX

(/usr/share/texlive/texmf-dist/tex/generic/oberdiek/hobsub-hyperref.sty
Package: hobsub-hyperref 2012/05/28 v1.13 Bundle oberdiek, subset hyperref (HO)


(/usr/share/texlive/texmf-dist/tex/generic/oberdiek/hobsub-generic.sty
Package: hobsub-generic 2012/05/28 v1.13 Bundle oberdiek, subset generic (HO)
Package: hobsub 2012/05/28 v1.13 Construct package bundles (HO)
Package hobsub Info: Skipping package `infwarerr' (already loaded).
Package hobsub Info: Skipping package `ltxcmds' (already loaded).
Package: ifluatex 2010/03/01 v1.3 Provides the ifluatex switch (HO)
Package ifluatex Info: LuaTeX not detected.
Package: ifvtex 2010/03/01 v1.5 Detect VTeX and its facilities (HO)
Package ifvtex Info: VTeX not detected.
Package: intcalc 2007/09/27 v1.1 Expandable calculations with integers (HO)
Package: ifpdf 2011/01/30 v2.3 Provides the ifpdf switch (HO)
Package ifpdf Info: pdfTeX in PDF mode is detected.
Package: etexcmds 2011/02/16 v1.5 Avoid name clashes with e-TeX commands (HO)
Package etexcmds Info: Could not find \expanded.
(etexcmds)             That can mean that you are not using pdfTeX 1.50 or
(etexcmds)             that some package has redefined \expanded.
(etexcmds)             In the latter case, load this package earlier.
Package: kvsetkeys 2012/04/25 v1.16 Key value parser (HO)
Package: kvdefinekeys 2011/04/07 v1.3 Define keys (HO)
Package: pdftexcmds 2011/11/29 v0.20 Utility functions of pdfTeX for LuaTeX (HO
)
Package pdftexcmds Info: LuaTeX not detected.
Package pdftexcmds Info: \pdf@primitive is available.
Package pdftexcmds Info: \pdf@ifprimitive is available.
Package pdftexcmds Info: \pdfdraftmode found.
Package: pdfescape 2011/11/25 v1.13 Implements pdfTeX's escape features (HO)
Package: bigintcalc 2012/04/08 v1.3 Expandable calculations on big integers (HO
)
Package: bitset 2011/01/30 v1.1 Handle bit-vector datatype (HO)
Package: uniquecounter 2011/01/30 v1.2 Provide unlimited unique counter (HO)
)
Package hobsub Info: Skipping package `hobsub' (already loaded).
Package: letltxmacro 2010/09/02 v1.4 Let assignment for LaTeX macros (HO)
Package: hopatch 2012/05/28 v1.2 Wrapper for package hooks (HO)
Package: xcolor-patch 2011/01/30 xcolor patch
Package: atveryend 2011/06/30 v1.8 Hooks at the very end of document (HO)
Package atveryend Info: \enddocument detected (standard20110627).
Package: atbegshi 2011/10/05 v1.16 At begin shipout hook (HO)
Package: refcount 2011/10/16 v3.4 Data extraction from label references (HO)
Package: hycolor 2011/01/30 v1.7 Color options for hyperref/bookmark (HO)
)
(/usr/share/texlive/texmf-dist/tex/generic/ifxetex/ifxetex.sty
Package: ifxetex 2010/09/12 v0.6 Provides ifxetex conditional
)
(/usr/share/texlive/texmf-dist/tex/latex/oberdiek/auxhook.sty
Package: auxhook 2011/03/04 v1.3 Hooks for auxiliary files (HO)
)
(/usr/share/texlive/texmf-dist/tex/latex/oberdiek/kvoptions.sty
Package: kvoptions 2011/06/30 v3.11 Key value format for package options (HO)
)
\@linkdim=\dimen114
\Hy@linkcounter=\count104
\Hy@pagecounter=\count105

(/usr/share/texlive/texmf-dist/tex/latex/hyperref/pd1enc.def
File: pd1enc.def 2012/11/06 v6.83m Hyperref: PDFDocEncoding definition (HO)
)
\Hy@SavedSpaceFactor=\count106

(/usr/share/texlive/texmf-dist/tex/latex/latexconfig/hyperref.cfg
File: hyperref.cfg 2002/06/06 v1.2 hyperref configuration of TeXLive
)
Package hyperref Info: Option `colorlinks' set `true' on input line 4319.
Package hyperref Info: Hyper figures OFF on input line 4443.
Package hyperref Info: Link nesting OFF on input line 4448.
Package hyperref Info: Hyper index ON on input line 4451.
Package hyperref Info: Plain pages OFF on input line 4458.
Package hyperref Info: Backreferencing OFF on input line 4463.
Package hyperref Info: Implicit mode ON; LaTeX internals redefined.
Package hyperref Info: Bookmarks ON on input line 4688.
\c@Hy@tempcnt=\count107

(/usr/share/texlive/texmf-dist/tex/latex/url/url.sty
\Urlmuskip=\muskip11
Package: url 2013/09/16  ver 3.4  Verb mode for urls, etc.
)
LaTeX Info: Redefining \url on input line 5041.
\XeTeXLinkMargin=\dimen115
\Fld@menulength=\count108
\Field@Width=\dimen116
\Fld@charsize=\dimen117
Package hyperref Info: Hyper figures OFF on input line 6295.
Package hyperref Info: Link nesting OFF on input line 6300.
Package hyperref Info: Hyper index ON on input line 6303.
Package hyperref Info: backreferencing OFF on input line 6310.
Package hyperref Info: Link coloring ON on input line 6313.
Package hyperref Info: Link coloring with OCG OFF on input line 6320.
Package hyperref Info: PDF/A mode OFF on input line 6325.
LaTeX Info: Redefining \ref on input line 6365.
LaTeX Info: Redefining \pageref on input line 6369.
\Hy@abspage=\count109
\c@Item=\count110
\c@Hfootnote=\count111
)

Package hyperref Message: Driver (autodetected): hpdftex.

(/usr/share/texlive/texmf-dist/tex/latex/hyperref/hpdftex.def
File: hpdftex.def 2012/11/06 v6.83m Hyperref driver for pdfTeX
\Fld@listcount=\count112
\c@bookmark@seq@number=\count113

(/usr/share/texlive/texmf-dist/tex/latex/oberdiek/rerunfilecheck.sty
Package: rerunfilecheck 2011/04/15 v1.7 Rerun checks for auxiliary files (HO)
Package uniquecounter Info: New unique counter `rerunfilecheck' on input line 2
82.
)
\Hy@SectionHShift=\skip48
)
(/usr/share/texlive/texmf-dist/tex/latex/subfigure/subfigure.sty
Package: subfigure 2002/03/15 v2.1.5 subfigure package
\subfigtopskip=\skip49
\subfigcapskip=\skip50
\subfigcaptopadj=\dimen118
\subfigbottomskip=\skip51
\subfigcapmargin=\dimen119
\subfiglabelskip=\skip52
\c@subfigure=\count114
\c@lofdepth=\count115
\c@subtable=\count116
\c@lotdepth=\count117

****************************************
* Local config file subfigure.cfg used *
****************************************
(/usr/share/texlive/texmf-dist/tex/latex/subfigure/subfigure.cfg)
\subfig@top=\skip53
\subfig@bottom=\skip54
)
(/usr/share/texlive/texmf-dist/tex/latex/float/float.sty
Package: float 2001/11/08 v1.3d Float enhancements (AL)
\c@float@type=\count118
\float@exts=\toks20
\float@box=\box28
\@float@everytoks=\toks21
\@floatcapt=\box29
)
(/usr/share/texlive/texmf-dist/tex/latex/algorithms/algorithm.sty
Package: algorithm 2009/08/24 v0.1 Document Style `algorithm' - floating enviro
nment
\@float@every@algorithm=\toks22
\c@algorithm=\count119
)
(/usr/share/texlive/texmf-dist/tex/latex/algorithm2e/algorithm2e.sty
Package: algorithm2e 2013/01/06 v5.00 algorithms environments
\c@AlgoLine=\count120

(/usr/share/texlive/texmf-dist/tex/latex/tools/xspace.sty
Package: xspace 2009/10/20 v1.13 Space after command names (DPC,MH)
)
(/usr/share/texlive/texmf-dist/tex/latex/relsize/relsize.sty
Package: relsize 2013/03/29 ver 4.1
)
********************************************************
Package `algorithm2e' Release 5.0 -- january 06 2013 --
- algorithm2e-announce@lirmm.fr mailing list for announcement about releases
- algorithm2e-discussion@lirmm.fr mailing list for discussion about package
subscribe by emailing sympa@lirmm.fr with 'subscribe <list> <firstname name>'
- Author: Christophe Fiorio (cfiorio@um2.fr)
********************************************************
\skiptotal=\skip55
\skiplinenumber=\skip56
\skiprule=\skip57
\skiphlne=\skip58
\skiptext=\skip59
\skiplength=\skip60
\algomargin=\skip61
\skipalgocfslide=\skip62
\algowidth=\dimen120
\inoutsize=\dimen121
\inoutindent=\dimen122
\interspacetitleruled=\dimen123
\interspacealgoruled=\dimen124
\interspacetitleboxruled=\dimen125
\algocf@inoutbox=\box30
\algocf@inputbox=\box31
\AlCapSkip=\skip63
\AlCapHSkip=\skip64
\algoskipindent=\skip65
\algocf@nlbox=\box32
\algocf@hangingbox=\box33
\algocf@untilbox=\box34
\algocf@skipuntil=\skip66
\algocf@capbox=\box35
\algoheightruledefault=\skip67
\algoheightrule=\skip68
\algotitleheightruledefault=\skip69
\algotitleheightrule=\skip70
\c@algocfline=\count121
\c@algocfproc=\count122
\c@algocf=\count123
\algocf@algoframe=\box36
\algocf@algobox=\box37

! LaTeX Error: Command \algorithm already defined.
               Or name \end... illegal, see p.192 of the manual.

See the LaTeX manual or LaTeX Companion for explanation.
Type  H <return>  for immediate help.
 ...                                              
                                                  
l.2334 }
        %
Your command was ignored.
Type  I <command> <return>  to replace it with another command,
or  <return>  to continue without it.


! LaTeX Error: Command \algorithm* already defined.
               Or name \end... illegal, see p.192 of the manual.

See the LaTeX manual or LaTeX Companion for explanation.
Type  H <return>  for immediate help.
 ...                                              
                                                  
l.2342 }
        %
Your command was ignored.
Type  I <command> <return>  to replace it with another command,
or  <return>  to continue without it.


! LaTeX Error: Command \listofalgorithms already defined.
               Or name \end... illegal, see p.192 of the manual.

See the LaTeX manual or LaTeX Companion for explanation.
Type  H <return>  for immediate help.
 ...                                              
                                                  
l.2349 }
        %
Your command was ignored.
Type  I <command> <return>  to replace it with another command,
or  <return>  to continue without it.

) (/usr/share/texlive/texmf-dist/tex/latex/algorithmicx/algpseudocode.sty
Package: algpseudocode 

(/usr/share/texlive/texmf-dist/tex/latex/algorithmicx/algorithmicx.sty
Package: algorithmicx 2005/04/27 v1.2 Algorithmicx

Document Style algorithmicx 1.2 - a greatly improved `algorithmic' style
\c@ALG@line=\count124
\c@ALG@rem=\count125
\c@ALG@nested=\count126
\ALG@tlm=\skip71
\ALG@thistlm=\skip72
\c@ALG@Lnr=\count127
\c@ALG@blocknr=\count128
\c@ALG@storecount=\count129
\c@ALG@tmpcounter=\count130
\ALG@tmplength=\skip73
)
Document Style - pseudocode environments for use with the `algorithmicx' style
) (./IEEEtrantools.sty
Package: IEEEtrantools 2014/09/17 V1.4 by Michael Shell

-- See the "IEEEtrantools_doc.txt" manual for usage information.
-- http://www.michaelshell.org/tex/ieeetran/tools/
\@IEEEtrantmpdimenA=\dimen126
\@IEEEtrantmpdimenB=\dimen127
\@IEEEtrantmpdimenC=\dimen128
\@IEEEtrantmpcountA=\count131
\@IEEEtrantmpcountB=\count132
\@IEEEtrantmpcountC=\count133
\@IEEEtrantmptoksA=\toks23
\IEEEnormaljot=\dimen129
\IEEEquantizedlength=\dimen130
\IEEEquantizedlengthdiff=\dimen131
\IEEEquantizedtextheightdiff=\dimen132
\IEEEilabelindentA=\dimen133
\IEEEilabelindentB=\dimen134
\IEEEilabelindent=\dimen135
\IEEEelabelindent=\dimen136
\IEEEdlabelindent=\dimen137
\IEEElabelindent=\dimen138
\IEEEiednormlabelsep=\dimen139
\IEEEiedmathlabelsep=\dimen140
\IEEEiedtopsep=\skip74
\c@IEEEsubequation=\count134
\@IEEEeqnnumcols=\count135
\@IEEEeqncolcnt=\count136
\@IEEEsubeqnnumrollback=\count137
\IEEEPARstartletwidth=\dimen141
) (./main.aux

LaTeX Warning: Label `configuration1_conv' multiply defined.


LaTeX Warning: Label `configuration1_time' multiply defined.


LaTeX Warning: Label `configuration1_conv' multiply defined.


LaTeX Warning: Label `configuration1_time' multiply defined.


LaTeX Warning: Label `configuration1_conv' multiply defined.


LaTeX Warning: Label `configuration1_time' multiply defined.


LaTeX Warning: Label `configuration1_conv' multiply defined.


LaTeX Warning: Label `configuration1_time' multiply defined.


LaTeX Warning: Label `configuration1_conv' multiply defined.


LaTeX Warning: Label `configuration1_time' multiply defined.


LaTeX Warning: Label `configuration1_conv' multiply defined.


LaTeX Warning: Label `configuration1_time' multiply defined.


LaTeX Warning: Label `configuration1_conv' multiply defined.


LaTeX Warning: Label `configuration1_time' multiply defined.

)
\openout1 = `main.aux'.

LaTeX Font Info:    Checking defaults for OML/cmm/m/it on input line 39.
LaTeX Font Info:    ... okay on input line 39.
LaTeX Font Info:    Checking defaults for T1/cmr/m/n on input line 39.
LaTeX Font Info:    ... okay on input line 39.
LaTeX Font Info:    Checking defaults for OT1/cmr/m/n on input line 39.
LaTeX Font Info:    ... okay on input line 39.
LaTeX Font Info:    Checking defaults for OMS/cmsy/m/n on input line 39.
LaTeX Font Info:    ... okay on input line 39.
LaTeX Font Info:    Checking defaults for OMX/cmex/m/n on input line 39.
LaTeX Font Info:    ... okay on input line 39.
LaTeX Font Info:    Checking defaults for U/cmr/m/n on input line 39.
LaTeX Font Info:    ... okay on input line 39.
LaTeX Font Info:    Checking defaults for PD1/pdf/m/n on input line 39.
LaTeX Font Info:    ... okay on input line 39.
 (/usr/share/texlive/texmf-dist/tex/context/base/supp-pdf.mkii
[Loading MPS to PDF converter (version 2006.09.02).]
\scratchcounter=\count138
\scratchdimen=\dimen142
\scratchbox=\box38
\nofMPsegments=\count139
\nofMParguments=\count140
\everyMPshowfont=\toks24
\MPscratchCnt=\count141
\MPscratchDim=\dimen143
\MPnumerator=\count142
\makeMPintoPDFobject=\count143
\everyMPtoPDFconversion=\toks25
) (/usr/share/texlive/texmf-dist/tex/latex/oberdiek/epstopdf-base.sty
Package: epstopdf-base 2010/02/09 v2.5 Base part for package epstopdf

(/usr/share/texlive/texmf-dist/tex/latex/oberdiek/grfext.sty
Package: grfext 2010/08/19 v1.1 Manage graphics extensions (HO)
)
Package grfext Info: Graphics extension search list:
(grfext)             [.png,.pdf,.jpg,.mps,.jpeg,.jbig2,.jb2,.PNG,.PDF,.JPG,.JPE
G,.JBIG2,.JB2,.eps]
(grfext)             \AppendGraphicsExtensions on input line 452.

(/usr/share/texlive/texmf-dist/tex/latex/latexconfig/epstopdf-sys.cfg
File: epstopdf-sys.cfg 2010/07/13 v1.3 Configuration of (r)epstopdf for TeX Liv
e
))
\AtBeginShipoutBox=\box39

(/usr/share/texlive/texmf-dist/tex/latex/graphics/color.sty
Package: color 2005/11/14 v1.0j Standard LaTeX Color (DPC)

(/usr/share/texlive/texmf-dist/tex/latex/latexconfig/color.cfg
File: color.cfg 2007/01/18 v1.5 color configuration of teTeX/TeXLive
)
Package color Info: Driver file: pdftex.def on input line 130.
)
Package hyperref Info: Link coloring ON on input line 39.

(/usr/share/texlive/texmf-dist/tex/latex/hyperref/nameref.sty
Package: nameref 2012/10/27 v2.43 Cross-referencing by name of section

(/usr/share/texlive/texmf-dist/tex/generic/oberdiek/gettitlestring.sty
Package: gettitlestring 2010/12/03 v1.4 Cleanup title references (HO)
)
\c@section@level=\count144
)
LaTeX Info: Redefining \ref on input line 39.
LaTeX Info: Redefining \pageref on input line 39.
LaTeX Info: Redefining \nameref on input line 39.

(./main.out) (./main.out)
\@outlinefile=\write3
\openout3 = `main.out'.


cmr-font_in_spiecls
10pt
LaTeX Font Info:    Try loading font information for U+msa on input line 41.
(/usr/share/texlive/texmf-dist/tex/latex/amsfonts/umsa.fd
File: umsa.fd 2013/01/14 v3.01 AMS symbols A
)
LaTeX Font Info:    Try loading font information for U+msb on input line 41.

(/usr/share/texlive/texmf-dist/tex/latex/amsfonts/umsb.fd
File: umsb.fd 2013/01/14 v3.01 AMS symbols B
)
Underfull \hbox (badness 10000) in paragraph at lines 56--57

 []


Underfull \hbox (badness 10000) in paragraph at lines 58--59

 []

[301

{/var/lib/texmf/fonts/map/pdftex/updmap/pdftex.map}]
<images/realPositioner.jpg, id=78, 262.9825pt x 357.335pt>
File: images/realPositioner.jpg Graphic file (type jpg)

<use images/realPositioner.jpg>
Package pdftex.def Info: images/realPositioner.jpg used on input line 63.
(pdftex.def)             Requested size: 78.89534pt x 107.20132pt.

<images/MOONSPositioner_Simulation.png, id=79, 211.38976pt x 214.401pt>
File: images/MOONSPositioner_Simulation.png Graphic file (type png)

<use images/MOONSPositioner_Simulation.png>
Package pdftex.def Info: images/MOONSPositioner_Simulation.png used on input li
ne 68.
(pdftex.def)             Requested size: 118.37744pt x 120.06374pt.

Underfull \hbox (badness 1189) in paragraph at lines 69--69
[]\OT1/cmr/m/n/9 Figure 2. []MOONS po-si-tioner in
 []

<images/DESI_Positioner.png, id=80, 321.6015pt x 348.70274pt>
File: images/DESI_Positioner.png Graphic file (type png)

<use images/DESI_Positioner.png>
Package pdftex.def Info: images/DESI_Positioner.png used on input line 73.
(pdftex.def)             Requested size: 96.48119pt x 104.61162pt.

Underfull \hbox (badness 10000) in paragraph at lines 81--82

 []


Underfull \hbox (badness 10000) in paragraph at lines 89--91

 []

<images/system_representation.jpg, id=89, 299.1175pt x 220.825pt>
File: images/system_representation.jpg Graphic file (type jpg)

<use images/system_representation.jpg>
Package pdftex.def Info: images/system_representation.jpg used on input line 99
.
(pdftex.def)             Requested size: 167.50465pt x 123.66115pt.
 [302pdfTeX warning (ext4): destination with the same identifier (name{figure.1
}) has been already used, duplicate ignored

\AtBegShi@Output ...ipout \box \AtBeginShipoutBox 
                                                  \fi \fi 
l.102 		\end{figure}
                    pdfTeX warning (ext4): destination with the same identifier
 (name{figure.2}) has been already used, duplicate ignored

\AtBegShi@Output ...ipout \box \AtBeginShipoutBox 
                                                  \fi \fi 
l.102 		\end{figure}
                    pdfTeX warning (ext4): destination with the same identifier
 (name{figure.3}) has been already used, duplicate ignored

\AtBegShi@Output ...ipout \box \AtBeginShipoutBox 
                                                  \fi \fi 
l.102 		\end{figure}
                     <./images/realPositioner.jpg> <./images/MOONSPositioner_Si
mulation.png> <./images/DESI_Positioner.png>]
LaTeX Font Info:    Try loading font information for OMS+cmr on input line 104.


(/usr/share/texlive/texmf-dist/tex/latex/base/omscmr.fd
File: omscmr.fd 1999/05/25 v2.5h Standard LaTeX font definitions
)
LaTeX Font Info:    Font shape `OMS/cmr/m/n' in size <10> not available
(Font)              Font shape `OMS/cmsy/m/n' tried instead on input line 104.

Underfull \hbox (badness 10000) in paragraph at lines 107--110

 []

<images/first_state_0.jpg, id=102, 320.19624pt x 256.96pt>
File: images/first_state_0.jpg Graphic file (type jpg)

<use images/first_state_0.jpg>
Package pdftex.def Info: images/first_state_0.jpg used on input line 121.
(pdftex.def)             Requested size: 172.90338pt x 138.75632pt.

<images/first_state_ONOFF2.jpg, id=103, 246.9225pt x 231.86626pt>
File: images/first_state_ONOFF2.jpg Graphic file (type jpg)

<use images/first_state_ONOFF2.jpg>
Package pdftex.def Info: images/first_state_ONOFF2.jpg used on input line 124.
(pdftex.def)             Requested size: 133.33615pt x 125.2059pt.

! Argument of \@tempf has an extra }.
<inserted text> 
                \par 
l.128 \label{key}			}
                     
I've run across a `}' that doesn't seem to match anything.
For example, `\def\a#1{...}' and `\a}' would produce
this error. If you simply proceed now, the `\par' that
I've just inserted will cause me to report a runaway
argument that might be the root of the problem. But if
your `}' was spurious, just type `2' and it will go away.

Runaway argument?
\@captype {\def \reserved@a *{\nobreak \@xcentercr }\reserved@a }\def \ETC.
! Paragraph ended before \@tempf was complete.
<to be read again> 
                   \par 
l.128 \label{key}			}
                     
I suspect you've forgotten a `}', causing me to apply this
control sequence to too much text. How can we recover?
My plan is to forget the whole thing and hope for the best.


! LaTeX Error: Something's wrong--perhaps a missing \item.

See the LaTeX manual or LaTeX Companion for explanation.
Type  H <return>  for immediate help.
 ...                                              
                                                  
l.128 \label{key}			}
                     
Try typing  <return>  to proceed.
If that doesn't work, type  X <return>  to quit.


! LaTeX Error: Something's wrong--perhaps a missing \item.

See the LaTeX manual or LaTeX Companion for explanation.
Type  H <return>  for immediate help.
 ...                                              
                                                  
l.128 \label{key}			}
                     
Try typing  <return>  to proceed.
If that doesn't work, type  X <return>  to quit.

[303pdfTeX warning (ext4): destination with the same identifier (name{figure.4}
) has been already used, duplicate ignored

\AtBegShi@Output ...ipout \box \AtBeginShipoutBox 
                                                  \fi \fi 
l.131 	S
        imilarly to the influence zone $Z_{F_{r}}$, the $Z_{ON/OFF}$ can be ...
 <./images/system_representation.jpg>]
Underfull \hbox (badness 10000) in paragraph at lines 133--134

 []


Underfull \hbox (badness 10000) in paragraph at lines 135--136

 []


Underfull \hbox (badness 10000) in paragraph at lines 155--158

 []


Underfull \hbox (badness 10000) in paragraph at lines 155--158

 []


Underfull \hbox (badness 10000) in paragraph at lines 155--158

 []

[304pdfTeX warning (ext4): destination with the same identifier (name{figure.5}
) has been already used, duplicate ignored

\AtBegShi@Output ...ipout \box \AtBeginShipoutBox 
                                                  \fi \fi 
l.158 
       <./images/first_state_0.jpg> <./images/first_state_ONOFF2.jpg>]
Underfull \hbox (badness 10000) in paragraph at lines 161--163

 []


! LaTeX Error: There's no line here to end.

See the LaTeX manual or LaTeX Companion for explanation.
Type  H <return>  for immediate help.
 ...                                              
                                                  
l.166 	  W
          ith this information, one OFF positioner, whose states was changed...

Your command was ignored.
Type  I <command> <return>  to replace it with another command,
or  <return>  to continue without it.

<images/ID_PR0.jpg, id=131, 588.39825pt x 451.08525pt>
File: images/ID_PR0.jpg Graphic file (type jpg)
 <use images/ID_PR0.jpg>
Package pdftex.def Info: images/ID_PR0.jpg used on input line 174.
(pdftex.def)             Requested size: 176.52083pt x 135.32661pt.

Overfull \hbox (28.56659pt too wide) in paragraph at lines 174--176
[][]
 []

<images/ID_PR1.jpg, id=132, 588.39825pt x 451.08525pt>
File: images/ID_PR1.jpg Graphic file (type jpg)
 <use images/ID_PR1.jpg>
Package pdftex.def Info: images/ID_PR1.jpg used on input line 178.
(pdftex.def)             Requested size: 176.52083pt x 135.32661pt.

Overfull \hbox (22.87613pt too wide) in paragraph at lines 178--180
[][]
 []

<images/ID_PR2.jpg, id=133, 588.39825pt x 451.08525pt>
File: images/ID_PR2.jpg Graphic file (type jpg)
 <use images/ID_PR2.jpg>
Package pdftex.def Info: images/ID_PR2.jpg used on input line 182.
(pdftex.def)             Requested size: 176.52083pt x 135.32661pt.

Overfull \hbox (22.87613pt too wide) in paragraph at lines 182--184
[][]
 []

! Argument of \@tempf has an extra }.
<inserted text> 
                \par 
l.186 ...formation carried by the chain reaction }
                                                  
I've run across a `}' that doesn't seem to match anything.
For example, `\def\a#1{...}' and `\a}' would produce
this error. If you simply proceed now, the `\par' that
I've just inserted will cause me to report a runaway
argument that might be the root of the problem. But if
your `}' was spurious, just type `2' and it will go away.

Runaway argument?
\@captype {\def \reserved@a *{\nobreak \@xcentercr }\reserved@a }\def \ETC.
! Paragraph ended before \@tempf was complete.
<to be read again> 
                   \par 
l.186 ...formation carried by the chain reaction }
                                                  
I suspect you've forgotten a `}', causing me to apply this
control sequence to too much text. How can we recover?
My plan is to forget the whole thing and hope for the best.


! LaTeX Error: Something's wrong--perhaps a missing \item.

See the LaTeX manual or LaTeX Companion for explanation.
Type  H <return>  for immediate help.
 ...                                              
                                                  
l.186 ...formation carried by the chain reaction }
                                                  
Try typing  <return>  to proceed.
If that doesn't work, type  X <return>  to quit.


Underfull \hbox (badness 10000) in paragraph at lines 166--188

 []


Underfull \hbox (badness 10000) in paragraph at lines 166--188

 []


Underfull \hbox (badness 10000) in paragraph at lines 166--188

 []

[305pdfTeX warning (ext4): destination with the same identifier (name{figure.6}
) has been already used, duplicate ignored

\AtBegShi@Output ...ipout \box \AtBeginShipoutBox 
                                                  \fi \fi 
l.191 
       <./images/ID_PR0.jpg> <./images/ID_PR1.jpg> <./images/ID_PR2.jpg>]

! LaTeX Error: There's no line here to end.

See the LaTeX manual or LaTeX Companion for explanation.
Type  H <return>  for immediate help.
 ...                                              
                                                  
l.194 	 \\\\
            
Your command was ignored.
Type  I <command> <return>  to replace it with another command,
or  <return>  to continue without it.


! LaTeX Error: There's no line here to end.

See the LaTeX manual or LaTeX Companion for explanation.
Type  H <return>  for immediate help.
 ...                                              
                                                  
l.195 	I
        n all cases, the agent positioner always remember the ID of the neig...

Your command was ignored.
Type  I <command> <return>  to replace it with another command,
or  <return>  to continue without it.

Package hyperref Info: bookmark level for unknown algorithm defaults to 0 on in
put line 198.

Underfull \hbox (badness 10000) in paragraph at lines 249--249

 []


Underfull \hbox (badness 10000) in paragraph at lines 249--249

 []


Underfull \hbox (badness 10000) in paragraph at lines 249--249

 []


Underfull \hbox (badness 10000) in paragraph at lines 253--255

 []

[306] <images/fourth_state.jpg, id=181, 246.9225pt x 231.86626pt>
File: images/fourth_state.jpg Graphic file (type jpg)

<use images/fourth_state.jpg>
Package pdftex.def Info: images/fourth_state.jpg used on input line 264.
(pdftex.def)             Requested size: 158.02985pt x 148.39389pt.

! Argument of \@tempf has an extra }.
<inserted text> 
                \par 
l.265 ...iority "already-arrived" positioner zone}
                                                  
I've run across a `}' that doesn't seem to match anything.
For example, `\def\a#1{...}' and `\a}' would produce
this error. If you simply proceed now, the `\par' that
I've just inserted will cause me to report a runaway
argument that might be the root of the problem. But if
your `}' was spurious, just type `2' and it will go away.

Runaway argument?
\@captype {\def \reserved@a *{\nobreak \@xcentercr }\reserved@a }\def \ETC.
! Paragraph ended before \@tempf was complete.
<to be read again> 
                   \par 
l.265 ...iority "already-arrived" positioner zone}
                                                  
I suspect you've forgotten a `}', causing me to apply this
control sequence to too much text. How can we recover?
My plan is to forget the whole thing and hope for the best.


Underfull \hbox (badness 10000) in paragraph at lines 259--267

 []


Underfull \hbox (badness 10000) in paragraph at lines 268--271

 []


Underfull \hbox (badness 10000) in paragraph at lines 268--271

 []


Underfull \hbox (badness 10000) in paragraph at lines 281--282

 []

[307pdfTeX warning (ext4): destination with the same identifier (name{figure.7}
) has been already used, duplicate ignored

\AtBegShi@Output ...ipout \box \AtBeginShipoutBox 
                                                  \fi \fi 
l.283 	S
        o far, the finite state machine only takes into account direct posit...
 <./images/fourth_state.jpg>]
Underfull \hbox (badness 10000) in paragraph at lines 283--289

 []


Underfull \hbox (badness 10000) in paragraph at lines 283--289

 []


Underfull \hbox (badness 10000) in paragraph at lines 291--295

 []


Underfull \hbox (badness 10000) in paragraph at lines 291--295

 []


Underfull \hbox (badness 10000) in paragraph at lines 291--295

 []


Underfull \hbox (badness 10000) in paragraph at lines 291--295

 []

<images/5thstate.jpg, id=192, 581.7735pt x 317.38576pt>
File: images/5thstate.jpg Graphic file (type jpg)

<use images/5thstate.jpg>
Package pdftex.def Info: images/5thstate.jpg used on input line 298.
(pdftex.def)             Requested size: 232.70528pt x 126.95204pt.

! Argument of \@tempf has an extra }.
<inserted text> 
                \par 
l.300 ...g bigger and both fifth state equal to B}
                                                  
I've run across a `}' that doesn't seem to match anything.
For example, `\def\a#1{...}' and `\a}' would produce
this error. If you simply proceed now, the `\par' that
I've just inserted will cause me to report a runaway
argument that might be the root of the problem. But if
your `}' was spurious, just type `2' and it will go away.

Runaway argument?
\@captype {\def \reserved@a *{\nobreak \@xcentercr }\reserved@a }\def \ETC.
! Paragraph ended before \@tempf was complete.
<to be read again> 
                   \par 
l.300 ...g bigger and both fifth state equal to B}
                                                  
I suspect you've forgotten a `}', causing me to apply this
control sequence to too much text. How can we recover?
My plan is to forget the whole thing and hope for the best.


! LaTeX Error: Something's wrong--perhaps a missing \item.

See the LaTeX manual or LaTeX Companion for explanation.
Type  H <return>  for immediate help.
 ...                                              
                                                  
l.300 ...g bigger and both fifth state equal to B}
                                                  
Try typing  <return>  to proceed.
If that doesn't work, type  X <return>  to quit.

[308]
Underfull \hbox (badness 10000) in paragraph at lines 311--315

 []

<images/Projection1.jpg, id=199, 588.39825pt x 451.08525pt>
File: images/Projection1.jpg Graphic file (type jpg)

<use images/Projection1.jpg>
Package pdftex.def Info: images/Projection1.jpg used on input line 318.
(pdftex.def)             Requested size: 235.35513pt x 180.4309pt.

! Argument of \@tempf has an extra }.
<inserted text> 
                \par 
l.320 ...ed from closest part of both positioners}
                                                  
I've run across a `}' that doesn't seem to match anything.
For example, `\def\a#1{...}' and `\a}' would produce
this error. If you simply proceed now, the `\par' that
I've just inserted will cause me to report a runaway
argument that might be the root of the problem. But if
your `}' was spurious, just type `2' and it will go away.

Runaway argument?
\@captype {\def \reserved@a *{\nobreak \@xcentercr }\reserved@a }\def \ETC.
! Paragraph ended before \@tempf was complete.
<to be read again> 
                   \par 
l.320 ...ed from closest part of both positioners}
                                                  
I suspect you've forgotten a `}', causing me to apply this
control sequence to too much text. How can we recover?
My plan is to forget the whole thing and hope for the best.


! LaTeX Error: Something's wrong--perhaps a missing \item.

See the LaTeX manual or LaTeX Companion for explanation.
Type  H <return>  for immediate help.
 ...                                              
                                                  
l.320 ...ed from closest part of both positioners}
                                                  
Try typing  <return>  to proceed.
If that doesn't work, type  X <return>  to quit.

<images/1DLookUpTable.jpg, id=202, 652.4375pt x 272.01625pt>
File: images/1DLookUpTable.jpg Graphic file (type jpg)

<use images/1DLookUpTable.jpg>
Package pdftex.def Info: images/1DLookUpTable.jpg used on input line 330.
(pdftex.def)             Requested size: 358.84172pt x 149.60939pt.

! Argument of \@tempf has an extra }.
<inserted text> 
                \par 
l.334 ... A to its target, being in between them }
                                                  
I've run across a `}' that doesn't seem to match anything.
For example, `\def\a#1{...}' and `\a}' would produce
this error. If you simply proceed now, the `\par' that
I've just inserted will cause me to report a runaway
argument that might be the root of the problem. But if
your `}' was spurious, just type `2' and it will go away.

Runaway argument?
\@captype {\def \reserved@a *{\nobreak \@xcentercr }\reserved@a }\def \ETC.
! Paragraph ended before \@tempf was complete.
<to be read again> 
                   \par 
l.334 ... A to its target, being in between them }
                                                  
I suspect you've forgotten a `}', causing me to apply this
control sequence to too much text. How can we recover?
My plan is to forget the whole thing and hope for the best.


! LaTeX Error: Something's wrong--perhaps a missing \item.

See the LaTeX manual or LaTeX Companion for explanation.
Type  H <return>  for immediate help.
 ...                                              
                                                  
l.334 ... A to its target, being in between them }
                                                  
Try typing  <return>  to proceed.
If that doesn't work, type  X <return>  to quit.


Underfull \hbox (badness 10000) in paragraph at lines 324--336

 []

[309pdfTeX warning (ext4): destination with the same identifier (name{figure.8}
) has been already used, duplicate ignored

\AtBegShi@Output ...ipout \box \AtBeginShipoutBox 
                                                  \fi \fi 
l.336 	\end{figure}
                   pdfTeX warning (ext4): destination with the same identifier 
(name{figure.9}) has been already used, duplicate ignored

\AtBegShi@Output ...ipout \box \AtBeginShipoutBox 
                                                  \fi \fi 
l.336 	\end{figure}
                    <./images/5thstate.jpg> <./images/Projection1.jpg>]
Underfull \hbox (badness 10000) in paragraph at lines 345--348

 []


Underfull \hbox (badness 10000) in paragraph at lines 345--348

 []


Underfull \hbox (badness 10000) in paragraph at lines 350--351

 []

[310pdfTeX warning (ext4): destination with the same identifier (name{figure.10
}) has been already used, duplicate ignored

\AtBegShi@Output ...ipout \box \AtBeginShipoutBox 
                                                  \fi \fi 
l.351 
       <./images/1DLookUpTable.jpg>]
<images/configuration1_conv.png, id=214, 208.98074pt x 183.084pt>
File: images/configuration1_conv.png Graphic file (type png)

<use images/configuration1_conv.png>
Package pdftex.def Info: images/configuration1_conv.png used on input line 364.

(pdftex.def)             Requested size: 117.02841pt x 102.52632pt.

<images/configuration1_time.png, id=215, 201.75375pt x 180.07275pt>
File: images/configuration1_time.png Graphic file (type png)

<use images/configuration1_time.png>
Package pdftex.def Info: images/configuration1_time.png used on input line 368.

(pdftex.def)             Requested size: 115.00082pt x 102.64253pt.

Overfull \hbox (86.54808pt too wide) in paragraph at lines 368--370
[][]
 []

! Argument of \@tempf has an extra }.
<inserted text> 
                \par 
l.390 			\end{tabular}}
                       
I've run across a `}' that doesn't seem to match anything.
For example, `\def\a#1{...}' and `\a}' would produce
this error. If you simply proceed now, the `\par' that
I've just inserted will cause me to report a runaway
argument that might be the root of the problem. But if
your `}' was spurious, just type `2' and it will go away.

Runaway argument?
\@captype {\def \reserved@a *{\let \reserved@e \vadjust \let \reserved@f \ETC.
! Paragraph ended before \@tempf was complete.
<to be read again> 
                   \par 
l.390 			\end{tabular}}
                       
I suspect you've forgotten a `}', causing me to apply this
control sequence to too much text. How can we recover?
My plan is to forget the whole thing and hope for the best.


! LaTeX Error: Something's wrong--perhaps a missing \item.

See the LaTeX manual or LaTeX Companion for explanation.
Type  H <return>  for immediate help.
 ...                                              
                                                  
l.390 			\end{tabular}}
                       
Try typing  <return>  to proceed.
If that doesn't work, type  X <return>  to quit.

LaTeX Font Info:    Font shape `OMS/cmr/m/n' in size <9> not available
(Font)              Font shape `OMS/cmsy/m/n' tried instead on input line 390.

! LaTeX Error: Something's wrong--perhaps a missing \item.

See the LaTeX manual or LaTeX Companion for explanation.
Type  H <return>  for immediate help.
 ...                                              
                                                  
l.390 			\end{tabular}}
                       
Try typing  <return>  to proceed.
If that doesn't work, type  X <return>  to quit.


! LaTeX Error: Something's wrong--perhaps a missing \item.

See the LaTeX manual or LaTeX Companion for explanation.
Type  H <return>  for immediate help.
 ...                                              
                                                  
l.390 			\end{tabular}}
                       
Try typing  <return>  to proceed.
If that doesn't work, type  X <return>  to quit.


! LaTeX Error: Something's wrong--perhaps a missing \item.

See the LaTeX manual or LaTeX Companion for explanation.
Type  H <return>  for immediate help.
 ...                                              
                                                  
l.390 			\end{tabular}}
                       
Try typing  <return>  to proceed.
If that doesn't work, type  X <return>  to quit.


! LaTeX Error: Something's wrong--perhaps a missing \item.

See the LaTeX manual or LaTeX Companion for explanation.
Type  H <return>  for immediate help.
 ...                                              
                                                  
l.390 			\end{tabular}}
                       
Try typing  <return>  to proceed.
If that doesn't work, type  X <return>  to quit.


! LaTeX Error: Something's wrong--perhaps a missing \item.

See the LaTeX manual or LaTeX Companion for explanation.
Type  H <return>  for immediate help.
 ...                                              
                                                  
l.390 			\end{tabular}}
                       
Try typing  <return>  to proceed.
If that doesn't work, type  X <return>  to quit.


! LaTeX Error: Something's wrong--perhaps a missing \item.

See the LaTeX manual or LaTeX Companion for explanation.
Type  H <return>  for immediate help.
 ...                                              
                                                  
l.390 			\end{tabular}}
                       
Try typing  <return>  to proceed.
If that doesn't work, type  X <return>  to quit.


! LaTeX Error: Something's wrong--perhaps a missing \item.

See the LaTeX manual or LaTeX Companion for explanation.
Type  H <return>  for immediate help.
 ...                                              
                                                  
l.390 			\end{tabular}}
                       
Try typing  <return>  to proceed.
If that doesn't work, type  X <return>  to quit.


! LaTeX Error: Something's wrong--perhaps a missing \item.

See the LaTeX manual or LaTeX Companion for explanation.
Type  H <return>  for immediate help.
 ...                                              
                                                  
l.390 			\end{tabular}}
                       
Try typing  <return>  to proceed.
If that doesn't work, type  X <return>  to quit.


! LaTeX Error: Something's wrong--perhaps a missing \item.

See the LaTeX manual or LaTeX Companion for explanation.
Type  H <return>  for immediate help.
 ...                                              
                                                  
l.390 			\end{tabular}}
                       
Try typing  <return>  to proceed.
If that doesn't work, type  X <return>  to quit.

<images/configuration2_conv.png, id=216, 208.98074pt x 183.084pt>
File: images/configuration2_conv.png Graphic file (type png)

<use images/configuration2_conv.png>
Package pdftex.def Info: images/configuration2_conv.png used on input line 394.

(pdftex.def)             Requested size: 117.02841pt x 102.52632pt.

<images/configuration2_time.png, id=217, 208.98074pt x 187.29974pt>
File: images/configuration2_time.png Graphic file (type png)

<use images/configuration2_time.png>
Package pdftex.def Info: images/configuration2_time.png used on input line 398.

(pdftex.def)             Requested size: 117.02841pt x 104.88713pt.

Overfull \hbox (88.57567pt too wide) in paragraph at lines 398--400
[][]
 []

! Argument of \@tempf has an extra }.
<inserted text> 
                \par 
l.421 				}
           
I've run across a `}' that doesn't seem to match anything.
For example, `\def\a#1{...}' and `\a}' would produce
this error. If you simply proceed now, the `\par' that
I've just inserted will cause me to report a runaway
argument that might be the root of the problem. But if
your `}' was spurious, just type `2' and it will go away.

Runaway argument?
\@captype {\def \reserved@a *{\let \reserved@e \vadjust \let \reserved@f \ETC.
! Paragraph ended before \@tempf was complete.
<to be read again> 
                   \par 
l.421 				}
           
I suspect you've forgotten a `}', causing me to apply this
control sequence to too much text. How can we recover?
My plan is to forget the whole thing and hope for the best.


! LaTeX Error: Something's wrong--perhaps a missing \item.

See the LaTeX manual or LaTeX Companion for explanation.
Type  H <return>  for immediate help.
 ...                                              
                                                  
l.421 				}
           
Try typing  <return>  to proceed.
If that doesn't work, type  X <return>  to quit.


! LaTeX Error: Something's wrong--perhaps a missing \item.

See the LaTeX manual or LaTeX Companion for explanation.
Type  H <return>  for immediate help.
 ...                                              
                                                  
l.421 				}
           
Try typing  <return>  to proceed.
If that doesn't work, type  X <return>  to quit.


! LaTeX Error: Something's wrong--perhaps a missing \item.

See the LaTeX manual or LaTeX Companion for explanation.
Type  H <return>  for immediate help.
 ...                                              
                                                  
l.421 				}
           
Try typing  <return>  to proceed.
If that doesn't work, type  X <return>  to quit.


! LaTeX Error: Something's wrong--perhaps a missing \item.

See the LaTeX manual or LaTeX Companion for explanation.
Type  H <return>  for immediate help.
 ...                                              
                                                  
l.421 				}
           
Try typing  <return>  to proceed.
If that doesn't work, type  X <return>  to quit.


! LaTeX Error: Something's wrong--perhaps a missing \item.

See the LaTeX manual or LaTeX Companion for explanation.
Type  H <return>  for immediate help.
 ...                                              
                                                  
l.421 				}
           
Try typing  <return>  to proceed.
If that doesn't work, type  X <return>  to quit.


! LaTeX Error: Something's wrong--perhaps a missing \item.

See the LaTeX manual or LaTeX Companion for explanation.
Type  H <return>  for immediate help.
 ...                                              
                                                  
l.421 				}
           
Try typing  <return>  to proceed.
If that doesn't work, type  X <return>  to quit.


! LaTeX Error: Something's wrong--perhaps a missing \item.

See the LaTeX manual or LaTeX Companion for explanation.
Type  H <return>  for immediate help.
 ...                                              
                                                  
l.421 				}
           
Try typing  <return>  to proceed.
If that doesn't work, type  X <return>  to quit.


! LaTeX Error: Something's wrong--perhaps a missing \item.

See the LaTeX manual or LaTeX Companion for explanation.
Type  H <return>  for immediate help.
 ...                                              
                                                  
l.421 				}
           
Try typing  <return>  to proceed.
If that doesn't work, type  X <return>  to quit.


! LaTeX Error: Something's wrong--perhaps a missing \item.

See the LaTeX manual or LaTeX Companion for explanation.
Type  H <return>  for immediate help.
 ...                                              
                                                  
l.421 				}
           
Try typing  <return>  to proceed.
If that doesn't work, type  X <return>  to quit.


! LaTeX Error: Something's wrong--perhaps a missing \item.

See the LaTeX manual or LaTeX Companion for explanation.
Type  H <return>  for immediate help.
 ...                                              
                                                  
l.421 				}
           
Try typing  <return>  to proceed.
If that doesn't work, type  X <return>  to quit.


Overfull \hbox (18.0134pt too wide) in paragraph at lines 362--423
[]$[]$ $[]$ 
 []

<images/configuration3_conv.png, id=218, 208.98074pt x 183.084pt>
File: images/configuration3_conv.png Graphic file (type png)

<use images/configuration3_conv.png>
Package pdftex.def Info: images/configuration3_conv.png used on input line 427.

(pdftex.def)             Requested size: 117.02841pt x 102.52632pt.

<images/configuration3_time.png, id=219, 208.98074pt x 183.084pt>
File: images/configuration3_time.png Graphic file (type png)

<use images/configuration3_time.png>
Package pdftex.def Info: images/configuration3_time.png used on input line 431.

(pdftex.def)             Requested size: 119.12025pt x 104.35895pt.

Overfull \hbox (90.66751pt too wide) in paragraph at lines 431--433
[][]
 []

! Argument of \@tempf has an extra }.
<inserted text> 
                \par 
l.450 			}
          
I've run across a `}' that doesn't seem to match anything.
For example, `\def\a#1{...}' and `\a}' would produce
this error. If you simply proceed now, the `\par' that
I've just inserted will cause me to report a runaway
argument that might be the root of the problem. But if
your `}' was spurious, just type `2' and it will go away.

Runaway argument?
\@captype {\def \reserved@a *{\let \reserved@e \vadjust \let \reserved@f \ETC.
! Paragraph ended before \@tempf was complete.
<to be read again> 
                   \par 
l.450 			}
          
I suspect you've forgotten a `}', causing me to apply this
control sequence to too much text. How can we recover?
My plan is to forget the whole thing and hope for the best.


! LaTeX Error: Something's wrong--perhaps a missing \item.

See the LaTeX manual or LaTeX Companion for explanation.
Type  H <return>  for immediate help.
 ...                                              
                                                  
l.450 			}
          
Try typing  <return>  to proceed.
If that doesn't work, type  X <return>  to quit.

<images/configuration4_conv.png, id=220, 208.98074pt x 183.084pt>
File: images/configuration4_conv.png Graphic file (type png)

<use images/configuration4_conv.png>
Package pdftex.def Info: images/configuration4_conv.png used on input line 454.

(pdftex.def)             Requested size: 117.02841pt x 102.52632pt.

<images/configuration4_time.png, id=221, 208.98074pt x 183.084pt>
File: images/configuration4_time.png Graphic file (type png)

<use images/configuration4_time.png>
Package pdftex.def Info: images/configuration4_time.png used on input line 458.

(pdftex.def)             Requested size: 117.02841pt x 102.52632pt.

Overfull \hbox (88.57567pt too wide) in paragraph at lines 458--460
[][]
 []

! Argument of \@tempf has an extra }.
<inserted text> 
                \par 
l.477 				}
           
I've run across a `}' that doesn't seem to match anything.
For example, `\def\a#1{...}' and `\a}' would produce
this error. If you simply proceed now, the `\par' that
I've just inserted will cause me to report a runaway
argument that might be the root of the problem. But if
your `}' was spurious, just type `2' and it will go away.

Runaway argument?
\@captype {\def \reserved@a *{\let \reserved@e \vadjust \let \reserved@f \ETC.
! Paragraph ended before \@tempf was complete.
<to be read again> 
                   \par 
l.477 				}
           
I suspect you've forgotten a `}', causing me to apply this
control sequence to too much text. How can we recover?
My plan is to forget the whole thing and hope for the best.


! LaTeX Error: Something's wrong--perhaps a missing \item.

See the LaTeX manual or LaTeX Companion for explanation.
Type  H <return>  for immediate help.
 ...                                              
                                                  
l.477 				}
           
Try typing  <return>  to proceed.
If that doesn't work, type  X <return>  to quit.


Overfull \hbox (18.0134pt too wide) in paragraph at lines 425--479
[]$[]$ $[]$ 
 []

<images/configuration5_conv.png, id=222, 208.98074pt x 183.084pt>
File: images/configuration5_conv.png Graphic file (type png)

<use images/configuration5_conv.png>
Package pdftex.def Info: images/configuration5_conv.png used on input line 483.

(pdftex.def)             Requested size: 117.02841pt x 102.52632pt.

<images/configuration5_time.png, id=223, 208.98074pt x 183.084pt>
File: images/configuration5_time.png Graphic file (type png)

<use images/configuration5_time.png>
Package pdftex.def Info: images/configuration5_time.png used on input line 487.

(pdftex.def)             Requested size: 119.12025pt x 104.35895pt.

Overfull \hbox (90.66751pt too wide) in paragraph at lines 487--489
[][]
 []

! Argument of \@tempf has an extra }.
<inserted text> 
                \par 
l.506 			}
          
I've run across a `}' that doesn't seem to match anything.
For example, `\def\a#1{...}' and `\a}' would produce
this error. If you simply proceed now, the `\par' that
I've just inserted will cause me to report a runaway
argument that might be the root of the problem. But if
your `}' was spurious, just type `2' and it will go away.

Runaway argument?
\@captype {\def \reserved@a *{\let \reserved@e \vadjust \let \reserved@f \ETC.
! Paragraph ended before \@tempf was complete.
<to be read again> 
                   \par 
l.506 			}
          
I suspect you've forgotten a `}', causing me to apply this
control sequence to too much text. How can we recover?
My plan is to forget the whole thing and hope for the best.


! LaTeX Error: Something's wrong--perhaps a missing \item.

See the LaTeX manual or LaTeX Companion for explanation.
Type  H <return>  for immediate help.
 ...                                              
                                                  
l.506 			}
          
Try typing  <return>  to proceed.
If that doesn't work, type  X <return>  to quit.

<images/configuration6_conv.png, id=224, 208.98074pt x 183.084pt>
File: images/configuration6_conv.png Graphic file (type png)

<use images/configuration6_conv.png>
Package pdftex.def Info: images/configuration6_conv.png used on input line 510.

(pdftex.def)             Requested size: 117.02841pt x 102.52632pt.

<images/configuration6_time.png, id=225, 208.98074pt x 187.29974pt>
File: images/configuration6_time.png Graphic file (type png)

<use images/configuration6_time.png>
Package pdftex.def Info: images/configuration6_time.png used on input line 514.

(pdftex.def)             Requested size: 117.02841pt x 104.88713pt.

Overfull \hbox (88.57567pt too wide) in paragraph at lines 514--516
[][]
 []

! Argument of \@tempf has an extra }.
<inserted text> 
                \par 
l.533 				}
           
I've run across a `}' that doesn't seem to match anything.
For example, `\def\a#1{...}' and `\a}' would produce
this error. If you simply proceed now, the `\par' that
I've just inserted will cause me to report a runaway
argument that might be the root of the problem. But if
your `}' was spurious, just type `2' and it will go away.

Runaway argument?
\@captype {\def \reserved@a *{\let \reserved@e \vadjust \let \reserved@f \ETC.
! Paragraph ended before \@tempf was complete.
<to be read again> 
                   \par 
l.533 				}
           
I suspect you've forgotten a `}', causing me to apply this
control sequence to too much text. How can we recover?
My plan is to forget the whole thing and hope for the best.


! LaTeX Error: Something's wrong--perhaps a missing \item.

See the LaTeX manual or LaTeX Companion for explanation.
Type  H <return>  for immediate help.
 ...                                              
                                                  
l.533 				}
           
Try typing  <return>  to proceed.
If that doesn't work, type  X <return>  to quit.


Overfull \hbox (18.0134pt too wide) in paragraph at lines 481--535
[]$[]$ $[]$ 
 []

[311pdfTeX warning (ext4): destination with the same identifier (name{figure.11
}) has been already used, duplicate ignored

\AtBegShi@Output ...ipout \box \AtBeginShipoutBox 
                                                  \fi \fi 
l.535 		\end{figure}
                    pdfTeX warning (ext4): destination with the same identifier
 (name{figure.12}) has been already used, duplicate ignored

\AtBegShi@Output ...ipout \box \AtBeginShipoutBox 
                                                  \fi \fi 
l.535 		\end{figure}
                     <./images/configuration1_conv.png> <./images/configuration
1_time.png> <./images/configuration2_conv.png> <./images/configuration2_time.pn
g>] <images/configuration7_conv.png, id=234, 209.583pt x 183.084pt>
File: images/configuration7_conv.png Graphic file (type png)

<use images/configuration7_conv.png>
Package pdftex.def Info: images/configuration7_conv.png used on input line 539.

(pdftex.def)             Requested size: 117.36566pt x 102.52632pt.

<images/configuration7_time.png, id=235, 209.583pt x 183.084pt>
File: images/configuration7_time.png Graphic file (type png)

<use images/configuration7_time.png>
Package pdftex.def Info: images/configuration7_time.png used on input line 543.

(pdftex.def)             Requested size: 119.46353pt x 104.35895pt.

Overfull \hbox (91.01079pt too wide) in paragraph at lines 543--545
[][]
 []

! Argument of \@tempf has an extra }.
<inserted text> 
                \par 
l.562 			}
          
I've run across a `}' that doesn't seem to match anything.
For example, `\def\a#1{...}' and `\a}' would produce
this error. If you simply proceed now, the `\par' that
I've just inserted will cause me to report a runaway
argument that might be the root of the problem. But if
your `}' was spurious, just type `2' and it will go away.

Runaway argument?
\@captype {\def \reserved@a *{\let \reserved@e \vadjust \let \reserved@f \ETC.
! Paragraph ended before \@tempf was complete.
<to be read again> 
                   \par 
l.562 			}
          
I suspect you've forgotten a `}', causing me to apply this
control sequence to too much text. How can we recover?
My plan is to forget the whole thing and hope for the best.


! LaTeX Error: Something's wrong--perhaps a missing \item.

See the LaTeX manual or LaTeX Companion for explanation.
Type  H <return>  for immediate help.
 ...                                              
                                                  
l.562 			}
          
Try typing  <return>  to proceed.
If that doesn't work, type  X <return>  to quit.

<images/configuration8_conv.png, id=236, 210.7875pt x 183.084pt>
File: images/configuration8_conv.png Graphic file (type png)

<use images/configuration8_conv.png>
Package pdftex.def Info: images/configuration8_conv.png used on input line 566.

(pdftex.def)             Requested size: 118.04019pt x 102.52632pt.

Underfull \hbox (badness 10000) in paragraph at lines 566--568
[][]
 []

<images/configuration8_time.png, id=237, 210.7875pt x 183.084pt>
File: images/configuration8_time.png Graphic file (type png)

<use images/configuration8_time.png>
Package pdftex.def Info: images/configuration8_time.png used on input line 570.

(pdftex.def)             Requested size: 118.04019pt x 102.52632pt.

Overfull \hbox (89.58745pt too wide) in paragraph at lines 570--572
[][]
 []

! Argument of \@tempf has an extra }.
<inserted text> 
                \par 
l.588 				\end{tabular}}
                        
I've run across a `}' that doesn't seem to match anything.
For example, `\def\a#1{...}' and `\a}' would produce
this error. If you simply proceed now, the `\par' that
I've just inserted will cause me to report a runaway
argument that might be the root of the problem. But if
your `}' was spurious, just type `2' and it will go away.

Runaway argument?
\@captype {\def \reserved@a *{\let \reserved@e \vadjust \let \reserved@f \ETC.
! Paragraph ended before \@tempf was complete.
<to be read again> 
                   \par 
l.588 				\end{tabular}}
                        
I suspect you've forgotten a `}', causing me to apply this
control sequence to too much text. How can we recover?
My plan is to forget the whole thing and hope for the best.


! LaTeX Error: Something's wrong--perhaps a missing \item.

See the LaTeX manual or LaTeX Companion for explanation.
Type  H <return>  for immediate help.
 ...                                              
                                                  
l.588 				\end{tabular}}
                        
Try typing  <return>  to proceed.
If that doesn't work, type  X <return>  to quit.


Overfull \hbox (18.0134pt too wide) in paragraph at lines 537--590
[]$[]$ $[]$ 
 []

[312pdfTeX warning (ext4): destination with the same identifier (name{figure.13
}) has been already used, duplicate ignored

\AtBegShi@Output ...ipout \box \AtBeginShipoutBox 
                                                  \fi \fi 
l.599 	\section
               {CONCLUSION}pdfTeX warning (ext4): destination with the same ide
ntifier (name{figure.14}) has been already used, duplicate ignored

\AtBegShi@Output ...ipout \box \AtBeginShipoutBox 
                                                  \fi \fi 
l.599 	\section
               {CONCLUSION}pdfTeX warning (ext4): destination with the same ide
ntifier (name{figure.15}) has been already used, duplicate ignored

\AtBegShi@Output ...ipout \box \AtBeginShipoutBox 
                                                  \fi \fi 
l.599 	\section
               {CONCLUSION}pdfTeX warning (ext4): destination with the same ide
ntifier (name{figure.16}) has been already used, duplicate ignored

\AtBegShi@Output ...ipout \box \AtBeginShipoutBox 
                                                  \fi \fi 
l.599 	\section
               {CONCLUSION}pdfTeX warning (ext4): destination with the same ide
ntifier (name{figure.17}) has been already used, duplicate ignored

\AtBegShi@Output ...ipout \box \AtBeginShipoutBox 
                                                  \fi \fi 
l.599 	\section
               {CONCLUSION}pdfTeX warning (ext4): destination with the same ide
ntifier (name{figure.18}) has been already used, duplicate ignored

\AtBegShi@Output ...ipout \box \AtBeginShipoutBox 
                                                  \fi \fi 
l.599 	\section
               {CONCLUSION} <./images/configuration3_conv.png> <./images/config
uration3_time.png> <./images/configuration4_conv.png> <./images/configuration4_
time.png> <./images/configuration5_conv.png> <./images/configuration5_time.png>
 <./images/configuration6_conv.png> <./images/configuration6_time.png> <./image
s/configuration7_conv.png> <./images/configuration7_time.png> <./images/configu
ration8_conv.png> <./images/configuration8_time.png>] (./main.bbl)
Package atveryend Info: Empty hook `BeforeClearDocument' on input line 614.
 [313]
Package atveryend Info: Empty hook `AfterLastShipout' on input line 614.

(./main.aux)
Package atveryend Info: Executing hook `AtVeryEndDocument' on input line 614.
Package atveryend Info: Executing hook `AtEndAfterFileList' on input line 614.
Package rerunfilecheck Info: File `main.out' has not changed.
(rerunfilecheck)             Checksum: D211FF329AE95F4982E25F9976AEA695;974.


LaTeX Warning: There were multiply-defined labels.

Package atveryend Info: Empty hook `AtVeryVeryEnd' on input line 614.
 ) 
Here is how much of TeX's memory you used:
 9005 strings out of 493304
 132587 string characters out of 6139871
 270936 words of memory out of 5000000
 12245 multiletter control sequences out of 15000+600000
 13576 words of font info for 53 fonts, out of 8000000 for 9000
 957 hyphenation exceptions out of 8191
 30i,14n,30p,891b,478s stack positions out of 5000i,500n,10000p,200000b,80000s
</usr/share/texlive/texmf-dist/fonts/type1/public/amsfonts/cm/cmbx10.pfb></us
r/share/texlive/texmf-dist/fonts/type1/public/amsfonts/cm/cmbx12.pfb></usr/shar
e/texlive/texmf-dist/fonts/type1/public/amsfonts/cm/cmbx7.pfb></usr/share/texli
ve/texmf-dist/fonts/type1/public/amsfonts/cm/cmex10.pfb></usr/share/texlive/tex
mf-dist/fonts/type1/public/amsfonts/cm/cmmi10.pfb></usr/share/texlive/texmf-dis
t/fonts/type1/public/amsfonts/cm/cmmi5.pfb></usr/share/texlive/texmf-dist/fonts
/type1/public/amsfonts/cm/cmmi6.pfb></usr/share/texlive/texmf-dist/fonts/type1/
public/amsfonts/cm/cmmi7.pfb></usr/share/texlive/texmf-dist/fonts/type1/public/
amsfonts/cm/cmmi9.pfb></usr/share/texlive/texmf-dist/fonts/type1/public/amsfont
s/cm/cmr10.pfb></usr/share/texlive/texmf-dist/fonts/type1/public/amsfonts/cm/cm
r12.pfb></usr/share/texlive/texmf-dist/fonts/type1/public/amsfonts/cm/cmr5.pfb>
</usr/share/texlive/texmf-dist/fonts/type1/public/amsfonts/cm/cmr7.pfb></usr/sh
are/texlive/texmf-dist/fonts/type1/public/amsfonts/cm/cmr8.pfb></usr/share/texl
ive/texmf-dist/fonts/type1/public/amsfonts/cm/cmr9.pfb></usr/share/texlive/texm
f-dist/fonts/type1/public/amsfonts/cm/cmsy10.pfb></usr/share/texlive/texmf-dist
/fonts/type1/public/amsfonts/cm/cmsy9.pfb></usr/share/texlive/texmf-dist/fonts/
type1/public/amsfonts/cm/cmti10.pfb></usr/share/texlive/texmf-dist/fonts/type1/
public/amsfonts/cm/cmtt10.pfb>
Output written on main.pdf (13 pages, 1281058 bytes).
PDF statistics:
 335 PDF objects out of 1000 (max. 8388607)
 267 compressed objects within 3 object streams
 74 named destinations out of 1000 (max. 500000)
 250 words of extra memory for PDF output out of 10000 (max. 10000000)

